0 verbose cli /usr/local/bin/node /usr/local/bin/npm
1 info using npm@8.10.0
2 info using node@v16.15.0
3 timing npm:load:whichnode Completed in 0ms
4 timing config:load:defaults Completed in 4ms
5 timing config:load:file:/usr/local/lib/node_modules/npm/npmrc Completed in 1ms
6 timing config:load:builtin Completed in 1ms
7 timing config:load:cli Completed in 2ms
8 timing config:load:env Completed in 0ms
9 timing config:load:project Completed in 12ms
10 timing config:load:file:/home/container/.npmrc Completed in 0ms
11 timing config:load:user Completed in 0ms
12 timing config:load:file:/usr/local/etc/npmrc Completed in 0ms
13 timing config:load:global Completed in 1ms
14 timing config:load:validate Completed in 0ms
15 timing config:load:credentials Completed in 1ms
16 timing config:load:setEnvs Completed in 1ms
17 timing config:load Completed in 23ms
18 timing npm:load:configload Completed in 23ms
19 timing npm:load:mkdirpcache Completed in 1ms
20 timing npm:load:mkdirplogs Completed in 1ms
21 verbose title npm install node-canvas-with-twemoji-and-discord-emoji ms pretty-ms discord-modals cfonts cpu-stat moment-duration-format ms fs os moment movier google-translate-api freefirejs
22 verbose argv "install" "node-canvas-with-twemoji-and-discord-emoji" "ms" "pretty-ms" "discord-modals" "cfonts" "cpu-stat" "moment-duration-format" "ms" "fs" "os" "moment" "movier" "google-translate-api" "freefirejs"
23 timing npm:load:setTitle Completed in 2ms
24 timing config:load:flatten Completed in 2ms
25 timing npm:load:display Completed in 4ms
26 verbose logfile logs-max:10 dir:/home/container/.npm/_logs
27 verbose logfile /home/container/.npm/_logs/2022-05-18T06_41_31_604Z-debug-0.log
28 timing npm:load:logFile Completed in 5ms
29 timing npm:load:timers Completed in 0ms
30 timing npm:load:configScope Completed in 0ms
31 timing npm:load Completed in 37ms
32 timing arborist:ctor Completed in 1ms
33 silly logfile start cleaning logs, removing 1 files
34 silly logfile done cleaning log files
35 timing idealTree:init Completed in 231ms
36 timing idealTree:userRequests Completed in 4ms
37 silly idealTree buildDeps
38 silly fetch manifest cfonts@^2.10.1
39 timing arborist:ctor Completed in 0ms
40 http fetch GET 200 https://registry.npmjs.org/cfonts 385ms (cache revalidated)
41 silly fetch manifest cpu-stat@^2.0.1
42 http fetch GET 200 https://registry.npmjs.org/cpu-stat 136ms (cache revalidated)
43 silly fetch manifest discord-modals@^1.3.6
44 http fetch GET 200 https://registry.npmjs.org/discord-modals 130ms (cache revalidated)
45 silly fetch manifest discord.js@^13.0.0
46 http fetch GET 200 https://registry.npmjs.org/discord.js 134ms (cache revalidated)
47 silly fetch manifest freefirejs@^1.0.11
48 http fetch GET 200 https://registry.npmjs.org/freefirejs 127ms (cache revalidated)
49 silly fetch manifest fs@^0.0.1-security
50 http fetch GET 200 https://registry.npmjs.org/fs 22ms (cache revalidated)
51 silly fetch manifest google-translate-api@^2.3.0
52 http fetch GET 200 https://registry.npmjs.org/google-translate-api 129ms (cache revalidated)
53 silly fetch manifest moment@^2.29.3
54 http fetch GET 200 https://registry.npmjs.org/moment 23ms (cache revalidated)
55 silly fetch manifest moment-duration-format@^2.3.2
56 http fetch GET 200 https://registry.npmjs.org/moment-duration-format 145ms (cache revalidated)
57 silly fetch manifest movier@^1.0.4
58 http fetch GET 200 https://registry.npmjs.org/movier 134ms (cache revalidated)
59 silly fetch manifest ms@^2.1.3
60 http fetch GET 200 https://registry.npmjs.org/ms 24ms (cache revalidated)
61 silly fetch manifest node-canvas-with-twemoji-and-discord-emoji@^1.2.1
62 http fetch GET 200 https://registry.npmjs.org/node-canvas-with-twemoji-and-discord-emoji 125ms (cache revalidated)
63 silly fetch manifest os@^0.1.2
64 http fetch GET 200 https://registry.npmjs.org/os 34ms (cache revalidated)
65 silly fetch manifest pretty-ms@^7.0.1
66 http fetch GET 200 https://registry.npmjs.org/pretty-ms 27ms (cache revalidated)
67 silly placeDep ROOT cfonts@2.10.1 REPLACE for: bot_aulas@1.0.0 want: ^2.10.1
68 silly placeDep ROOT cpu-stat@2.0.1 REPLACE for: bot_aulas@1.0.0 want: ^2.0.1
69 silly placeDep ROOT discord-modals@1.3.6 REPLACE for: bot_aulas@1.0.0 want: ^1.3.6
70 silly placeDep ROOT freefirejs@1.0.11 REPLACE for: bot_aulas@1.0.0 want: ^1.0.11
71 silly placeDep ROOT fs@0.0.1-security REPLACE for: bot_aulas@1.0.0 want: ^0.0.1-security
72 silly placeDep ROOT google-translate-api@2.3.0 REPLACE for: bot_aulas@1.0.0 want: ^2.3.0
73 silly placeDep ROOT moment@2.29.3 REPLACE for: bot_aulas@1.0.0 want: ^2.29.3
74 silly placeDep ROOT moment-duration-format@2.3.2 REPLACE for: bot_aulas@1.0.0 want: ^2.3.2
75 silly placeDep ROOT movier@1.0.4 REPLACE for: bot_aulas@1.0.0 want: ^1.0.4
76 silly placeDep ROOT ms@2.1.3 REPLACE for: bot_aulas@1.0.0 want: ^2.1.3
77 silly placeDep ROOT node-canvas-with-twemoji-and-discord-emoji@1.2.1 REPLACE for: bot_aulas@1.0.0 want: ^1.2.1
78 silly placeDep ROOT os@0.1.2 REPLACE for: bot_aulas@1.0.0 want: ^0.1.2
79 silly placeDep ROOT pretty-ms@7.0.1 REPLACE for: bot_aulas@1.0.0 want: ^7.0.1
80 timing idealTree:#root Completed in 1626ms
81 timing idealTree:node_modules/cfonts Completed in 0ms
82 timing idealTree:node_modules/cpu-stat Completed in 0ms
83 timing idealTree:node_modules/discord-modals Completed in 0ms
84 timing idealTree:node_modules/freefirejs Completed in 0ms
85 timing idealTree:node_modules/fs Completed in 0ms
86 timing idealTree:node_modules/google-translate-api Completed in 0ms
87 timing idealTree:node_modules/moment Completed in 0ms
88 timing idealTree:node_modules/moment-duration-format Completed in 1ms
89 timing idealTree:node_modules/movier Completed in 0ms
90 timing idealTree:node_modules/ms Completed in 0ms
91 timing idealTree:node_modules/node-canvas-with-twemoji-and-discord-emoji Completed in 0ms
92 timing idealTree:node_modules/os Completed in 0ms
93 timing idealTree:node_modules/pretty-ms Completed in 0ms
94 timing idealTree:buildDeps Completed in 1628ms
95 timing idealTree:fixDepFlags Completed in 7ms
96 timing idealTree Completed in 1877ms
97 timing reify:loadTrees Completed in 1878ms
98 timing reify:diffTrees Completed in 11ms
99 silly reify moves {}
100 timing reify:retireShallow Completed in 1ms
101 timing reify:createSparse Completed in 0ms
102 timing reify:loadBundles Completed in 0ms
103 silly audit bulk request {
103 silly audit   '@ampproject/remapping': [ '2.2.0' ],
103 silly audit   '@babel/code-frame': [ '7.16.7' ],
103 silly audit   '@babel/compat-data': [ '7.17.10' ],
103 silly audit   '@babel/core': [ '7.17.10' ],
103 silly audit   debug: [ '4.3.4', '3.1.0', '3.2.7' ],
103 silly audit   ms: [ '2.1.2', '2.0.0', '2.1.3' ],
103 silly audit   semver: [ '6.3.0', '7.0.0', '7.3.7' ],
103 silly audit   '@babel/generator': [ '7.17.10' ],
103 silly audit   '@babel/helper-annotate-as-pure': [ '7.16.7' ],
103 silly audit   '@babel/helper-builder-binary-assignment-operator-visitor': [ '7.16.7' ],
103 silly audit   '@babel/helper-compilation-targets': [ '7.17.10' ],
103 silly audit   '@babel/helper-create-class-features-plugin': [ '7.17.9' ],
103 silly audit   '@babel/helper-create-regexp-features-plugin': [ '7.17.0' ],
103 silly audit   '@babel/helper-define-polyfill-provider': [ '0.3.1' ],
103 silly audit   '@babel/helper-environment-visitor': [ '7.16.7' ],
103 silly audit   '@babel/helper-explode-assignable-expression': [ '7.16.7' ],
103 silly audit   '@babel/helper-function-name': [ '7.17.9' ],
103 silly audit   '@babel/helper-hoist-variables': [ '7.16.7' ],
103 silly audit   '@babel/helper-member-expression-to-functions': [ '7.17.7' ],
103 silly audit   '@babel/helper-module-imports': [ '7.16.7' ],
103 silly audit   '@babel/helper-module-transforms': [ '7.17.7' ],
103 silly audit   '@babel/helper-optimise-call-expression': [ '7.16.7' ],
103 silly audit   '@babel/helper-plugin-utils': [ '7.16.7' ],
103 silly audit   '@babel/helper-remap-async-to-generator': [ '7.16.8' ],
103 silly audit   '@babel/helper-replace-supers': [ '7.16.7' ],
103 silly audit   '@babel/helper-simple-access': [ '7.17.7' ],
103 silly audit   '@babel/helper-skip-transparent-expression-wrappers': [ '7.16.0' ],
103 silly audit   '@babel/helper-split-export-declaration': [ '7.16.7' ],
103 silly audit   '@babel/helper-validator-identifier': [ '7.16.7' ],
103 silly audit   '@babel/helper-validator-option': [ '7.16.7' ],
103 silly audit   '@babel/helper-wrap-function': [ '7.16.8' ],
103 silly audit   '@babel/helpers': [ '7.17.9' ],
103 silly audit   '@babel/highlight': [ '7.17.9' ],
103 silly audit   'ansi-styles': [ '3.2.1', '4.3.0' ],
103 silly audit   chalk: [ '2.4.2', '4.1.2' ],
103 silly audit   'color-convert': [ '1.9.3', '2.0.1' ],
103 silly audit   'color-name': [ '1.1.3', '1.1.4' ],
103 silly audit   'has-flag': [ '3.0.0', '4.0.0' ],
103 silly audit   'supports-color': [ '5.5.0', '7.2.0' ],
103 silly audit   '@babel/parser': [ '7.17.10' ],
103 silly audit   '@babel/plugin-bugfix-safari-id-destructuring-collision-in-function-expression': [ '7.16.7' ],
103 silly audit   '@babel/plugin-bugfix-v8-spread-parameters-in-optional-chaining': [ '7.16.7' ],
103 silly audit   '@babel/plugin-proposal-async-generator-functions': [ '7.16.8' ],
103 silly audit   '@babel/plugin-proposal-class-properties': [ '7.16.7' ],
103 silly audit   '@babel/plugin-proposal-class-static-block': [ '7.17.6' ],
103 silly audit   '@babel/plugin-proposal-dynamic-import': [ '7.16.7' ],
103 silly audit   '@babel/plugin-proposal-export-namespace-from': [ '7.16.7' ],
103 silly audit   '@babel/plugin-proposal-json-strings': [ '7.16.7' ],
103 silly audit   '@babel/plugin-proposal-logical-assignment-operators': [ '7.16.7' ],
103 silly audit   '@babel/plugin-proposal-nullish-coalescing-operator': [ '7.16.7' ],
103 silly audit   '@babel/plugin-proposal-numeric-separator': [ '7.16.7' ],
103 silly audit   '@babel/plugin-proposal-object-rest-spread': [ '7.17.3' ],
103 silly audit   '@babel/plugin-proposal-optional-catch-binding': [ '7.16.7' ],
103 silly audit   '@babel/plugin-proposal-optional-chaining': [ '7.16.7' ],
103 silly audit   '@babel/plugin-proposal-private-methods': [ '7.16.11' ],
103 silly audit   '@babel/plugin-proposal-private-property-in-object': [ '7.16.7' ],
103 silly audit   '@babel/plugin-proposal-unicode-property-regex': [ '7.16.7' ],
103 silly audit   '@babel/plugin-syntax-async-generators': [ '7.8.4' ],
103 silly audit   '@babel/plugin-syntax-class-properties': [ '7.12.13' ],
103 silly audit   '@babel/plugin-syntax-class-static-block': [ '7.14.5' ],
103 silly audit   '@babel/plugin-syntax-dynamic-import': [ '7.8.3' ],
103 silly audit   '@babel/plugin-syntax-export-namespace-from': [ '7.8.3' ],
103 silly audit   '@babel/plugin-syntax-json-strings': [ '7.8.3' ],
103 silly audit   '@babel/plugin-syntax-logical-assignment-operators': [ '7.10.4' ],
103 silly audit   '@babel/plugin-syntax-nullish-coalescing-operator': [ '7.8.3' ],
103 silly audit   '@babel/plugin-syntax-numeric-separator': [ '7.10.4' ],
103 silly audit   '@babel/plugin-syntax-object-rest-spread': [ '7.8.3' ],
103 silly audit   '@babel/plugin-syntax-optional-catch-binding': [ '7.8.3' ],
103 silly audit   '@babel/plugin-syntax-optional-chaining': [ '7.8.3' ],
103 silly audit   '@babel/plugin-syntax-private-property-in-object': [ '7.14.5' ],
103 silly audit   '@babel/plugin-syntax-top-level-await': [ '7.14.5' ],
103 silly audit   '@babel/plugin-transform-arrow-functions': [ '7.16.7' ],
103 silly audit   '@babel/plugin-transform-async-to-generator': [ '7.16.8' ],
103 silly audit   '@babel/plugin-transform-block-scoped-functions': [ '7.16.7' ],
103 silly audit   '@babel/plugin-transform-block-scoping': [ '7.16.7' ],
103 silly audit   '@babel/plugin-transform-classes': [ '7.16.7' ],
103 silly audit   '@babel/plugin-transform-computed-properties': [ '7.16.7' ],
103 silly audit   '@babel/plugin-transform-destructuring': [ '7.17.7' ],
103 silly audit   '@babel/plugin-transform-dotall-regex': [ '7.16.7' ],
103 silly audit   '@babel/plugin-transform-duplicate-keys': [ '7.16.7' ],
103 silly audit   '@babel/plugin-transform-exponentiation-operator': [ '7.16.7' ],
103 silly audit   '@babel/plugin-transform-for-of': [ '7.16.7' ],
103 silly audit   '@babel/plugin-transform-function-name': [ '7.16.7' ],
103 silly audit   '@babel/plugin-transform-literals': [ '7.16.7' ],
103 silly audit   '@babel/plugin-transform-member-expression-literals': [ '7.16.7' ],
103 silly audit   '@babel/plugin-transform-modules-amd': [ '7.16.7' ],
103 silly audit   '@babel/plugin-transform-modules-commonjs': [ '7.17.9' ],
103 silly audit   '@babel/plugin-transform-modules-systemjs': [ '7.17.8' ],
103 silly audit   '@babel/plugin-transform-modules-umd': [ '7.16.7' ],
103 silly audit   '@babel/plugin-transform-named-capturing-groups-regex': [ '7.17.10' ],
103 silly audit   '@babel/plugin-transform-new-target': [ '7.16.7' ],
103 silly audit   '@babel/plugin-transform-object-super': [ '7.16.7' ],
103 silly audit   '@babel/plugin-transform-parameters': [ '7.16.7' ],
103 silly audit   '@babel/plugin-transform-property-literals': [ '7.16.7' ],
103 silly audit   '@babel/plugin-transform-regenerator': [ '7.17.9' ],
103 silly audit   '@babel/plugin-transform-reserved-words': [ '7.16.7' ],
103 silly audit   '@babel/plugin-transform-shorthand-properties': [ '7.16.7' ],
103 silly audit   '@babel/plugin-transform-spread': [ '7.16.7' ],
103 silly audit   '@babel/plugin-transform-sticky-regex': [ '7.16.7' ],
103 silly audit   '@babel/plugin-transform-template-literals': [ '7.16.7' ],
103 silly audit   '@babel/plugin-transform-typeof-symbol': [ '7.16.7' ],
103 silly audit   '@babel/plugin-transform-unicode-escapes': [ '7.16.7' ],
103 silly audit   '@babel/plugin-transform-unicode-regex': [ '7.16.7' ],
103 silly audit   '@babel/preset-env': [ '7.17.10' ],
103 silly audit   '@babel/preset-modules': [ '0.1.5' ],
103 silly audit   '@babel/runtime': [ '7.17.9' ],
103 silly audit   '@babel/template': [ '7.16.7' ],
103 silly audit   '@babel/traverse': [ '7.17.10' ],
103 silly audit   '@babel/types': [ '7.17.10' ],
103 silly audit   '@discordjs/builders': [ '0.11.0' ],
103 silly audit   '@discordjs/collection': [ '0.4.0', '0.1.6' ],
103 silly audit   '@jridgewell/gen-mapping': [ '0.1.1' ],
103 silly audit   '@jridgewell/resolve-uri': [ '3.0.7' ],
103 silly audit   '@jridgewell/set-array': [ '1.1.1' ],
103 silly audit   '@jridgewell/sourcemap-codec': [ '1.4.13' ],
103 silly audit   '@jridgewell/trace-mapping': [ '0.3.13' ],
103 silly audit   '@mapbox/node-pre-gyp': [ '1.0.9' ],
103 silly audit   '@sapphire/async-queue': [ '1.3.1' ],
103 silly audit   '@sindresorhus/is': [ '4.6.0' ],
103 silly audit   '@types/bson': [ '4.0.5' ],
103 silly audit   '@types/mongodb': [ '3.6.20' ],
103 silly audit   '@types/node': [ '17.0.30' ],
103 silly audit   '@types/node-fetch': [ '2.6.1' ],
103 silly audit   'form-data': [ '3.0.1', '4.0.0' ],
103 silly audit   '@types/ws': [ '8.5.3' ],
103 silly audit   abbrev: [ '1.1.1' ],
103 silly audit   'agent-base': [ '6.0.2' ],
103 silly audit   'ansi-regex': [ '5.0.1' ],
103 silly audit   aproba: [ '2.0.0' ],
103 silly audit   'are-we-there-yet': [ '2.0.0' ],
103 silly audit   'readable-stream': [ '3.6.0', '2.3.7' ],
103 silly audit   asynckit: [ '0.4.0' ],
103 silly audit   axios: [ '0.26.1' ],
103 silly audit   'babel-plugin-dynamic-import-node': [ '2.3.3' ],
103 silly audit   'babel-plugin-polyfill-corejs2': [ '0.3.1' ],
103 silly audit   'babel-plugin-polyfill-corejs3': [ '0.5.2' ],
103 silly audit   'babel-plugin-polyfill-regenerator': [ '0.3.1' ],
103 silly audit   'balanced-match': [ '1.0.2' ],
103 silly audit   bl: [ '2.2.1' ],
103 silly audit   bluebird: [ '3.5.1' ],
103 silly audit   boolbase: [ '1.0.0' ],
103 silly audit   'brace-expansion': [ '1.1.11' ],
103 silly audit   browserslist: [ '4.20.3' ],
103 silly audit   bson: [ '1.1.6' ],
103 silly audit   'call-bind': [ '1.0.2' ],
103 silly audit   'camel-case': [ '4.1.2' ],
103 silly audit   'caniuse-lite': [ '1.0.30001341' ],
103 silly audit   canvas: [ '2.9.1' ],
103 silly audit   'capital-case': [ '1.0.4' ],
103 silly audit   'capture-stack-trace': [ '1.0.1' ],
103 silly audit   'change-case': [ '4.1.2' ],
103 silly audit   cheerio: [ '1.0.0-rc.10' ],
103 silly audit   'cheerio-select': [ '1.6.0' ],
103 silly audit   chownr: [ '2.0.0' ],
103 silly audit   'color-support': [ '1.1.3' ],
103 silly audit   colors: [ '1.4.0' ],
103 silly audit   'combined-stream': [ '1.0.8' ],
103 silly audit   'concat-map': [ '0.0.1' ],
103 silly audit   configstore: [ '2.1.0' ],
103 silly audit   mkdirp: [ '0.5.6', '1.0.4' ],
103 silly audit   'console-control-strings': [ '1.1.0' ],
103 silly audit   'constant-case': [ '3.0.4' ],
103 silly audit   'convert-source-map': [ '1.8.0' ],
103 silly audit   'safe-buffer': [ '5.1.2', '5.2.1' ],
103 silly audit   'core-js-compat': [ '3.22.5' ],
103 silly audit   'core-util-is': [ '1.0.3' ],
103 silly audit   'create-error-class': [ '3.0.2' ],
103 silly audit   'css-select': [ '4.3.0' ],
103 silly audit   'css-what': [ '6.1.0' ],
103 silly audit   dayjs: [ '1.11.2' ],
103 silly audit   'decompress-response': [ '4.2.1' ],
103 silly audit   'define-properties': [ '1.1.4' ],
103 silly audit   'define-property': [ '1.0.0' ],
103 silly audit   'delayed-stream': [ '1.0.0' ],
103 silly audit   delegates: [ '1.0.0' ],
103 silly audit   denque: [ '1.5.1' ],
103 silly audit   'detect-libc': [ '2.0.1' ],
103 silly audit   'discord-api-types': [ '0.26.1' ],
103 silly audit   'discord-mongo-currency': [ '1.0.4' ],
103 silly audit   'discord.js': [ '13.6.0' ],
103 silly audit   'dom-serializer': [ '1.4.1' ],
103 silly audit   domelementtype: [ '2.3.0' ],
103 silly audit   domhandler: [ '4.3.1' ],
103 silly audit   domutils: [ '2.8.0' ],
103 silly audit   'dot-case': [ '3.0.4' ],
103 silly audit   'dot-prop': [ '3.0.0' ],
103 silly audit   dotenv: [ '10.0.0' ],
103 silly audit   duplexer3: [ '0.1.4' ],
103 silly audit   'electron-to-chromium': [ '1.4.137' ],
103 silly audit   'emoji-regex': [ '8.0.0' ],
103 silly audit   entities: [ '2.2.0' ],
103 silly audit   'erela.js': [ '2.3.3' ],
103 silly audit   ws: [ '7.5.7', '8.5.0' ],
103 silly audit   escalade: [ '3.1.1' ],
103 silly audit   'escape-string-regexp': [ '1.0.5' ],
103 silly audit   esutils: [ '2.0.3' ],
103 silly audit   'follow-redirects': [ '1.15.0' ],
103 silly audit   'fs-extra': [ '8.1.0' ],
103 silly audit   jsonfile: [ '4.0.0', '5.0.0' ],
103 silly audit   'fs-minipass': [ '2.1.0' ],
103 silly audit   'fs.realpath': [ '1.0.0' ],
103 silly audit   'function-bind': [ '1.1.1' ],
103 silly audit   gauge: [ '3.0.2' ],
103 silly audit   gensync: [ '1.0.0-beta.2' ],
103 silly audit   'get-intrinsic': [ '1.1.1' ],
103 silly audit   'get-stream': [ '3.0.0' ],
103 silly audit   glob: [ '7.2.0' ],
103 silly audit   globals: [ '11.12.0' ],
103 silly audit   'google-translate-token': [ '1.0.0' ],
103 silly audit   got: [ '6.7.1' ],
103 silly audit   'graceful-fs': [ '4.2.10' ],
103 silly audit   has: [ '1.0.3' ],
103 silly audit   'has-property-descriptors': [ '1.0.0' ],
103 silly audit   'has-symbols': [ '1.0.3' ],
103 silly audit   'has-unicode': [ '2.0.1' ],
103 silly audit   'header-case': [ '2.0.4' ],
103 silly audit   htmlparser2: [ '6.1.0' ],
103 silly audit   'https-proxy-agent': [ '5.0.1' ],
103 silly audit   'iconv-lite': [ '0.6.3' ],
103 silly audit   imurmurhash: [ '0.1.4' ],
103 silly audit   inflight: [ '1.0.6' ],
103 silly audit   inherits: [ '2.0.4' ],
103 silly audit   'is-accessor-descriptor': [ '1.0.0' ],
103 silly audit   'is-buffer': [ '1.1.6' ],
103 silly audit   'is-core-module': [ '2.9.0' ],
103 silly audit   'is-data-descriptor': [ '1.0.0' ],
103 silly audit   'is-descriptor': [ '1.0.2' ],
103 silly audit   'is-fullwidth-code-point': [ '3.0.0' ],
103 silly audit   'is-number': [ '3.0.0' ],
103 silly audit   'kind-of': [ '3.2.2', '6.0.3' ],
103 silly audit   'is-obj': [ '1.0.1' ],
103 silly audit   'is-redirect': [ '1.0.0' ],
103 silly audit   'is-retry-allowed': [ '1.2.0' ],
103 silly audit   'is-stream': [ '1.1.0' ],
103 silly audit   isarray: [ '1.0.0' ],
103 silly audit   'js-tokens': [ '4.0.0' ],
103 silly audit   jsesc: [ '2.5.2', '0.5.0' ],
103 silly audit   json5: [ '2.2.1' ],
103 silly audit   kareem: [ '2.3.2' ],
103 silly audit   'lodash.debounce': [ '4.0.8' ],
103 silly audit   'lower-case': [ '2.0.2' ],
103 silly audit   'lowercase-keys': [ '1.0.1' ],
103 silly audit   'lru-cache': [ '6.0.0' ],
103 silly audit   'make-dir': [ '3.1.0' ],
103 silly audit   'memory-pager': [ '1.5.0' ],
103 silly audit   'mime-db': [ '1.52.0' ],
103 silly audit   'mime-types': [ '2.1.35' ],
103 silly audit   'mimic-response': [ '2.1.0' ],
103 silly audit   minimatch: [ '3.1.2' ],
103 silly audit   minimist: [ '1.2.6' ],
103 silly audit   minipass: [ '3.1.6' ],
103 silly audit   minizlib: [ '2.1.2' ],
103 silly audit   mongodb: [ '3.7.3' ],
103 silly audit   'optional-require': [ '1.1.8', '1.0.3' ],
103 silly audit   mongoose: [ '5.13.14' ],
103 silly audit   'mongoose-legacy-pluralize': [ '1.0.2' ],
103 silly audit   mpath: [ '0.8.4' ],
103 silly audit   mquery: [ '3.2.5' ],
103 silly audit   nan: [ '2.15.0' ],
103 silly audit   needle: [ '3.1.0' ],
103 silly audit   'no-case': [ '3.0.4' ],
103 silly audit   'node-fetch': [ '2.6.7' ],
103 silly audit   'node-releases': [ '2.0.4' ],
103 silly audit   nopt: [ '5.0.0' ],
103 silly audit   npmlog: [ '5.0.1' ],
103 silly audit   'nth-check': [ '2.0.1' ],
103 silly audit   'object-assign': [ '4.1.1' ],
103 silly audit   'object-keys': [ '1.1.1' ],
103 silly audit   'object.assign': [ '4.1.2' ],
103 silly audit   once: [ '1.4.0' ],
103 silly audit   'os-homedir': [ '1.0.2' ],
103 silly audit   'os-tmpdir': [ '1.0.2' ],
103 silly audit   osenv: [ '0.1.5' ],
103 silly audit   'param-case': [ '3.0.4' ],
103 silly audit   'parse-ms': [ '3.0.0', '2.1.0' ],
103 silly audit   parse5: [ '6.0.1' ],
103 silly audit   'parse5-htmlparser2-tree-adapter': [ '6.0.1' ],
103 silly audit   'pascal-case': [ '3.1.2' ],
103 silly audit   'path-case': [ '3.0.4' ],
103 silly audit   'path-is-absolute': [ '1.0.1' ],
103 silly audit   'path-parse': [ '1.0.7' ],
103 silly audit   petitio: [ '1.4.0' ],
103 silly audit   picocolors: [ '1.0.0' ],
103 silly audit   'prepend-http': [ '1.0.4' ],
103 silly audit   'process-nextick-args': [ '2.0.1' ],
103 silly audit   regenerate: [ '1.4.2' ],
103 silly audit   'regenerate-unicode-properties': [ '10.0.1' ],
103 silly audit   'regenerator-runtime': [ '0.13.9' ],
103 silly audit   'regenerator-transform': [ '0.15.0' ],
103 silly audit   'regexp-clone': [ '1.0.0' ],
103 silly audit   'regexpu-core': [ '5.0.1' ],
103 silly audit   regjsgen: [ '0.6.0' ],
103 silly audit   regjsparser: [ '0.8.4' ],
103 silly audit   'require-at': [ '1.0.6' ],
103 silly audit   resolve: [ '1.22.0' ],
103 silly audit   rimraf: [ '3.0.2' ],
103 silly audit   'safe-eval': [ '0.3.0' ],
103 silly audit   'safer-buffer': [ '2.1.2' ],
103 silly audit   saslprep: [ '1.0.3' ],
103 silly audit   sax: [ '1.2.4' ],
103 silly audit   'sentence-case': [ '3.0.4' ],
103 silly audit   'set-blocking': [ '2.0.0' ],
103 silly audit   sift: [ '13.5.2' ],
103 silly audit   'signal-exit': [ '3.0.7' ],
103 silly audit   'simple-concat': [ '1.0.1' ],
103 silly audit   'simple-get': [ '3.1.1' ],
103 silly audit   sliced: [ '1.0.1' ],
103 silly audit   slide: [ '1.1.6' ],
103 silly audit   'snake-case': [ '3.0.4' ],
103 silly audit   'sparse-bitfield': [ '3.0.3' ],
103 silly audit   string_decoder: [ '1.1.1' ],
103 silly audit   'string-width': [ '4.2.3' ],
103 silly audit   'strip-ansi': [ '6.0.1' ],
103 silly audit   'supports-preserve-symlinks-flag': [ '1.0.0' ],
103 silly audit   tar: [ '6.1.11' ],
103 silly audit   'timed-out': [ '4.0.1' ],
103 silly audit   'to-fast-properties': [ '2.0.0' ],
103 silly audit   tr46: [ '0.0.3' ],
103 silly audit   translate: [ '1.4.1' ],
103 silly audit   'ts-mixer': [ '6.0.1' ],
103 silly audit   tslib: [ '2.4.0' ],
103 silly audit   twemoji: [ '13.1.1' ],
103 silly audit   'twemoji-parser': [ '13.1.0' ],
103 silly audit   typescript: [ '4.6.4' ],
103 silly audit   'unicode-canonical-property-names-ecmascript': [ '2.0.0' ],
103 silly audit   'unicode-match-property-ecmascript': [ '2.0.0' ],
103 silly audit   'unicode-match-property-value-ecmascript': [ '2.0.0' ],
103 silly audit   'unicode-property-aliases-ecmascript': [ '2.0.0' ],
103 silly audit   universalify: [ '0.1.2' ],
103 silly audit   'unzip-response': [ '2.0.1' ],
103 silly audit   'upper-case': [ '2.0.2' ],
103 silly audit   'upper-case-first': [ '2.0.2' ],
103 silly audit   'url-parse-lax': [ '1.0.0' ],
103 silly audit   'util-deprecate': [ '1.0.2' ],
103 silly audit   uuid: [ '2.0.3' ],
103 silly audit   'webidl-conversions': [ '3.0.1' ],
103 silly audit   'whatwg-url': [ '5.0.0' ],
103 silly audit   'wide-align': [ '1.1.5' ],
103 silly audit   'window-size': [ '1.1.1' ],
103 silly audit   wrappy: [ '1.0.2' ],
103 silly audit   'write-file-atomic': [ '1.3.4' ],
103 silly audit   'xdg-basedir': [ '2.0.0' ],
103 silly audit   yallist: [ '4.0.0' ],
103 silly audit   zod: [ '3.14.4' ],
103 silly audit   cfonts: [ '2.10.1' ],
103 silly audit   'cpu-stat': [ '2.0.1' ],
103 silly audit   'discord-modals': [ '1.3.6' ],
103 silly audit   freefirejs: [ '1.0.11' ],
103 silly audit   fs: [ '0.0.1-security' ],
103 silly audit   'google-translate-api': [ '2.3.0' ],
103 silly audit   moment: [ '2.29.3' ],
103 silly audit   'moment-duration-format': [ '2.3.2' ],
103 silly audit   movier: [ '1.0.4' ],
103 silly audit   'node-canvas-with-twemoji-and-discord-emoji': [ '1.2.1' ],
103 silly audit   os: [ '0.1.2' ],
103 silly audit   'pretty-ms': [ '7.0.1' ]
103 silly audit }
104 timing reify:unpack Completed in 1ms
105 timing reify:unretire Completed in 0ms
106 timing build:queue Completed in 0ms
107 timing build:deps Completed in 0ms
108 timing build Completed in 0ms
109 timing reify:build Completed in 0ms
110 timing reify:trash Completed in 0ms
111 timing reify:save Completed in 71ms
112 http fetch POST 200 https://registry.npmjs.org/-/npm/v1/security/advisories/bulk 136ms
113 timing auditReport:getReport Completed in 142ms
114 silly audit report {
114 silly audit report   'safe-eval': [
114 silly audit report     {
114 silly audit report       id: 1068736,
114 silly audit report       url: 'https://github.com/advisories/GHSA-9pcf-h8q9-63f6',
114 silly audit report       title: 'Sandbox Breakout / Arbitrary Code Execution in safe-eval',
114 silly audit report       severity: 'high',
114 silly audit report       vulnerable_versions: '>=0.0.0',
114 silly audit report       cwe: [],
114 silly audit report       cvss: [Object]
114 silly audit report     },
114 silly audit report     {
114 silly audit report       id: 1069140,
114 silly audit report       url: 'https://github.com/advisories/GHSA-ww6v-677g-p656',
114 silly audit report       title: 'Sandbox Breakout in safe-eval',
114 silly audit report       severity: 'critical',
114 silly audit report       vulnerable_versions: '<=0.3.0',
114 silly audit report       cwe: [Array],
114 silly audit report       cvss: [Object]
114 silly audit report     },
114 silly audit report     {
114 silly audit report       id: 1069305,
114 silly audit report       url: 'https://github.com/advisories/GHSA-hrpq-r399-whgw',
114 silly audit report       title: 'Sandbox Breakout / Arbitrary Code Execution in safe-eval',
114 silly audit report       severity: 'critical',
114 silly audit report       vulnerable_versions: '<=0.4.1',
114 silly audit report       cwe: [Array],
114 silly audit report       cvss: [Object]
114 silly audit report     }
114 silly audit report   ],
114 silly audit report   'dot-prop': [
114 silly audit report     {
114 silly audit report       id: 1069315,
114 silly audit report       url: 'https://github.com/advisories/GHSA-ff7x-qrg7-qggm',
114 silly audit report       title: 'Prototype Pollution in dot-prop',
114 silly audit report       severity: 'high',
114 silly audit report       vulnerable_versions: '<4.2.1',
114 silly audit report       cwe: [Array],
114 silly audit report       cvss: [Object]
114 silly audit report     }
114 silly audit report   ]
114 silly audit report }
115 timing metavuln:cache:get:security-advisory:safe-eval:mWDerIbSEnAB1+zBYpQLr48ONtXlovaD9nL/OC05f4ZMy62G233Kditm8HQ6V6dMakJkTCh9HlUCjA+GizQseA== Completed in 6ms
116 timing metavuln:cache:get:security-advisory:safe-eval:QXDS1FOvTbt14TwdVXcb1IFLS4FnXqo4wzi9YJjmDY/QuKUg23AuiX7Fb2dpVOmZL5/8u/v4e7MNrPgzzV33nQ== Completed in 5ms
117 timing metavuln:cache:get:security-advisory:safe-eval:FXRaBFnipYnbAc4YD0nk9aVI9s8dWOvQterQnhMPF+dEx1jFAyW8zhqUR+EO5VliZ1H3MZOFWwuR1f6n4SHggw== Completed in 5ms
118 timing metavuln:cache:get:security-advisory:dot-prop:gQS2wPg+1aaQEKTMcisBHOtFVdfJYc3DUyzomGfDgD3ajSziOHlb6j98PJz8VUxqPrraokYbEG//XizMyoRlcw== Completed in 4ms
119 http fetch GET 200 https://registry.npmjs.org/dot-prop 26ms (cache revalidated)
120 timing metavuln:packument:dot-prop Completed in 27ms
121 timing metavuln:load:security-advisory:dot-prop:1069315 Completed in 1ms
122 timing metavuln:calculate:security-advisory:dot-prop:1069315 Completed in 29ms
123 http fetch GET 200 https://registry.npmjs.org/safe-eval 154ms (cache revalidated)
124 timing metavuln:packument:safe-eval Completed in 154ms
125 timing metavuln:load:security-advisory:safe-eval:1068736 Completed in 0ms
126 timing metavuln:calculate:security-advisory:safe-eval:1068736 Completed in 155ms
127 timing metavuln:load:security-advisory:safe-eval:1069140 Completed in 0ms
128 timing metavuln:calculate:security-advisory:safe-eval:1069140 Completed in 154ms
129 timing metavuln:load:security-advisory:safe-eval:1069305 Completed in 0ms
130 timing metavuln:calculate:security-advisory:safe-eval:1069305 Completed in 154ms
131 timing metavuln:packument:google-translate-api Completed in 0ms
132 timing metavuln:cache:get:security-advisory:google-translate-api:6/PhTGEoceOe5jhLMdqRx80oDLyV3M2fnYo9ZZZ143RkCasuGWo3MSrsMWZ/r/EgkbkI7Zu/0kuV9ofS66Sl8w== Completed in 1ms
133 timing metavuln:load:security-advisory:google-translate-api:mWDerIbSEnAB1+zBYpQLr48ONtXlovaD9nL/OC05f4ZMy62G233Kditm8HQ6V6dMakJkTCh9HlUCjA+GizQseA== Completed in 0ms
134 timing metavuln:calculate:security-advisory:google-translate-api:mWDerIbSEnAB1+zBYpQLr48ONtXlovaD9nL/OC05f4ZMy62G233Kditm8HQ6V6dMakJkTCh9HlUCjA+GizQseA== Completed in 1ms
135 timing metavuln:cache:get:security-advisory:configstore:L+AWVq7kj0HBKPhivxbE0o/A4MlVRtTrq2u5Gy7ts9q02HB+ppeXvJwoevVEcGBg2PX8xXgbafy9GUslz9d0NQ== Completed in 1ms
136 http fetch GET 200 https://registry.npmjs.org/configstore 29ms (cache revalidated)
137 timing metavuln:packument:configstore Completed in 30ms
138 timing metavuln:load:security-advisory:configstore:gQS2wPg+1aaQEKTMcisBHOtFVdfJYc3DUyzomGfDgD3ajSziOHlb6j98PJz8VUxqPrraokYbEG//XizMyoRlcw== Completed in 0ms
139 timing metavuln:calculate:security-advisory:configstore:gQS2wPg+1aaQEKTMcisBHOtFVdfJYc3DUyzomGfDgD3ajSziOHlb6j98PJz8VUxqPrraokYbEG//XizMyoRlcw== Completed in 30ms
140 timing metavuln:cache:get:security-advisory:google-translate-token:NGsVxzoXt8puxwMBlBTBW9pGKkNHRGIGWsBBChr4K/3/874PQVgSgf8I+wrw2uENv1lSOkHIxeLoAR6r8OBOaw== Completed in 4ms
141 timing metavuln:cache:get:security-advisory:google-translate-api:Qk3AfNdVXgqoSC+yd7YAtmdO9LIEns0HuqDExWUAziVoe5xpqWnRHfe6qvMeUNJJjEqHdjoQbqyQvUFaDecxBg== Completed in 5ms
142 timing metavuln:load:security-advisory:google-translate-api:L+AWVq7kj0HBKPhivxbE0o/A4MlVRtTrq2u5Gy7ts9q02HB+ppeXvJwoevVEcGBg2PX8xXgbafy9GUslz9d0NQ== Completed in 0ms
143 timing metavuln:calculate:security-advisory:google-translate-api:L+AWVq7kj0HBKPhivxbE0o/A4MlVRtTrq2u5Gy7ts9q02HB+ppeXvJwoevVEcGBg2PX8xXgbafy9GUslz9d0NQ== Completed in 5ms
144 http fetch GET 200 https://registry.npmjs.org/google-translate-token 142ms (cache revalidated)
145 timing metavuln:packument:google-translate-token Completed in 142ms
146 timing metavuln:load:security-advisory:google-translate-token:L+AWVq7kj0HBKPhivxbE0o/A4MlVRtTrq2u5Gy7ts9q02HB+ppeXvJwoevVEcGBg2PX8xXgbafy9GUslz9d0NQ== Completed in 0ms
147 timing metavuln:calculate:security-advisory:google-translate-token:L+AWVq7kj0HBKPhivxbE0o/A4MlVRtTrq2u5Gy7ts9q02HB+ppeXvJwoevVEcGBg2PX8xXgbafy9GUslz9d0NQ== Completed in 143ms
148 timing metavuln:cache:get:security-advisory:google-translate-api:LqEvOmy+iIHdcacPjIsdBm5NJmfqmSG8nc0p+tJMDfV+B47IVbvq6Wmvq0KtMNF3DX+GqxNZ9irwLZm9dADzxw== Completed in 1ms
149 timing metavuln:load:security-advisory:google-translate-api:NGsVxzoXt8puxwMBlBTBW9pGKkNHRGIGWsBBChr4K/3/874PQVgSgf8I+wrw2uENv1lSOkHIxeLoAR6r8OBOaw== Completed in 0ms
150 timing metavuln:calculate:security-advisory:google-translate-api:NGsVxzoXt8puxwMBlBTBW9pGKkNHRGIGWsBBChr4K/3/874PQVgSgf8I+wrw2uENv1lSOkHIxeLoAR6r8OBOaw== Completed in 1ms
151 timing auditReport:init Completed in 334ms
152 timing reify:audit Completed in 479ms
153 timing reify Completed in 2380ms
154 timing command:install Completed in 2391ms
155 verbose exit 0
156 timing npm Completed in 2482ms
157 info ok
